<?xml version="1.0" encoding="UTF-8" ?>
<testsuite tests="3" failures="3" name="com.cl.it.queue.impl.CustomQueueTest" time="0.003" errors="0" skipped="0">
  <properties>
    <property name="jansi.mode" value="force"/>
    <property name="java.runtime.name" value="Java(TM) SE Runtime Environment"/>
    <property name="java.vm.version" value="11.0.10+8-LTS-162"/>
    <property name="sun.boot.library.path" value="/Library/Java/JavaVirtualMachines/jdk-11.0.10.jdk/Contents/Home/lib"/>
    <property name="gopherProxySet" value="false"/>
    <property name="maven.multiModuleProjectDirectory" value="/Users/simerdeep.singh/ws/ews/fuse/customPriorityQueue"/>
    <property name="java.vm.vendor" value="Oracle Corporation"/>
    <property name="java.vendor.url" value="https://openjdk.java.net/"/>
    <property name="guice.disable.misplaced.annotation.check" value="true"/>
    <property name="path.separator" value=":"/>
    <property name="java.vm.name" value="Java HotSpot(TM) 64-Bit Server VM"/>
    <property name="sun.os.patch.level" value="unknown"/>
    <property name="user.country" value="CA"/>
    <property name="sun.java.launcher" value="SUN_STANDARD"/>
    <property name="java.vm.specification.name" value="Java Virtual Machine Specification"/>
    <property name="user.dir" value="/Users/simerdeep.singh/ws/ews/fuse/customPriorityQueue"/>
    <property name="java.vm.compressedOopsMode" value="Zero based"/>
    <property name="java.runtime.version" value="11.0.10+8-LTS-162"/>
    <property name="java.awt.graphicsenv" value="sun.awt.CGraphicsEnvironment"/>
    <property name="os.arch" value="x86_64"/>
    <property name="java.io.tmpdir" value="/var/folders/ks/1c45jpjs4fb6ztz3y08dwsmc0000gp/T/"/>
    <property name="line.separator" value="
"/>
    <property name="java.vm.specification.vendor" value="Oracle Corporation"/>
    <property name="os.name" value="Mac OS X"/>
    <property name="classworlds.conf" value="/Users/simerdeep.singh/ws/ews/fuse/.metadata/.plugins/org.eclipse.m2e.launching/launches/m2conf15775715042546826897.tmp"/>
    <property name="jansi.force" value="true"/>
    <property name="sun.jnu.encoding" value="UTF-8"/>
    <property name="java.library.path" value="/Users/simerdeep.singh/Library/Java/Extensions:/Library/Java/Extensions:/Network/Library/Java/Extensions:/System/Library/Java/Extensions:/usr/lib/java:."/>
    <property name="jansi.passthrough" value="true"/>
    <property name="jdk.debug" value="release"/>
    <property name="java.class.version" value="55.0"/>
    <property name="java.specification.name" value="Java Platform API Specification"/>
    <property name="sun.management.compiler" value="HotSpot 64-Bit Tiered Compilers"/>
    <property name="os.version" value="10.16"/>
    <property name="user.home" value="/Users/simerdeep.singh"/>
    <property name="user.timezone" value="America/Toronto"/>
    <property name="java.awt.printerjob" value="sun.lwawt.macosx.CPrinterJob"/>
    <property name="file.encoding" value="UTF-8"/>
    <property name="java.specification.version" value="11"/>
    <property name="user.name" value="simerdeep.singh"/>
    <property name="java.class.path" value="/Applications/SpringToolSuite4.app/Contents/Eclipse/plugins/org.eclipse.m2e.maven.runtime_1.18.3.20220227-1319/jars/plexus-classworlds-2.6.0.jar"/>
    <property name="java.vm.specification.version" value="11"/>
    <property name="sun.arch.data.model" value="64"/>
    <property name="sun.java.command" value="org.codehaus.plexus.classworlds.launcher.Launcher -B install -Dstyle.color=always -Dstyle.color=always"/>
    <property name="java.home" value="/Library/Java/JavaVirtualMachines/jdk-11.0.10.jdk/Contents/Home"/>
    <property name="user.language" value="en"/>
    <property name="java.specification.vendor" value="Oracle Corporation"/>
    <property name="awt.toolkit" value="sun.lwawt.macosx.LWCToolkit"/>
    <property name="java.vm.info" value="mixed mode"/>
    <property name="java.version" value="11.0.10"/>
    <property name="java.vendor" value="Oracle Corporation"/>
    <property name="maven.home" value="/Users/simerdeep.singh/ws/ews/fuse/customPriorityQueue/EMBEDDED"/>
    <property name="style.color" value="always"/>
    <property name="file.separator" value="/"/>
    <property name="java.version.date" value="2021-01-19"/>
    <property name="java.vendor.url.bug" value="https://bugreport.java.com/bugreport/"/>
    <property name="sun.io.unicode.encoding" value="UnicodeBig"/>
    <property name="sun.cpu.endian" value="little"/>
    <property name="java.vendor.version" value="18.9"/>
    <property name="sun.cpu.isalist" value=""/>
  </properties>
  <testcase classname="com.cl.it.queue.impl.CustomQueueTest" name="com.cl.it.queue.impl.CustomQueueTest.testCustomPriorityQueue" time="0.002">
    <failure message="Unresolved compilation problems: 
	Test cannot be resolved to a type
	The method assertNotNull(PriorityQueue&lt;QueueItem&lt;Integer&gt;&gt;) is undefined for the type CustomQueueTest&lt;T&gt;
	The method assertNotNull(Semaphore) is undefined for the type CustomQueueTest&lt;T&gt;
	The method assertNotNull(ConcurrentHashMap&lt;Integer,Semaphore&gt;) is undefined for the type CustomQueueTest&lt;T&gt;
	The method assertEquals(int, int) is undefined for the type CustomQueueTest&lt;T&gt;
" type="java.lang.Error">java.lang.Error: Unresolved compilation problems: 
	Test cannot be resolved to a type
	The method assertNotNull(PriorityQueue&lt;QueueItem&lt;Integer&gt;&gt;) is undefined for the type CustomQueueTest&lt;T&gt;
	The method assertNotNull(Semaphore) is undefined for the type CustomQueueTest&lt;T&gt;
	The method assertNotNull(ConcurrentHashMap&lt;Integer,Semaphore&gt;) is undefined for the type CustomQueueTest&lt;T&gt;
	The method assertEquals(int, int) is undefined for the type CustomQueueTest&lt;T&gt;
	at com.cl.it.queue.impl.CustomQueueTest.testCustomPriorityQueue(CustomQueueTest.java:22)
</failure>
  </testcase>
  <testcase classname="com.cl.it.queue.impl.CustomQueueTest" name="com.cl.it.queue.impl.CustomQueueTest.testEnqueue" time="0">
    <failure message="Unresolved compilation problems: 
	Test cannot be resolved to a type
	The method assertEquals(int, int) is undefined for the type CustomQueueTest&lt;T&gt;
	The method assertEquals(int, int) is undefined for the type CustomQueueTest&lt;T&gt;
	The method assertEquals(int, int) is undefined for the type CustomQueueTest&lt;T&gt;
" type="java.lang.Error">java.lang.Error: Unresolved compilation problems: 
	Test cannot be resolved to a type
	The method assertEquals(int, int) is undefined for the type CustomQueueTest&lt;T&gt;
	The method assertEquals(int, int) is undefined for the type CustomQueueTest&lt;T&gt;
	The method assertEquals(int, int) is undefined for the type CustomQueueTest&lt;T&gt;
	at com.cl.it.queue.impl.CustomQueueTest.testEnqueue(CustomQueueTest.java:37)
</failure>
  </testcase>
  <testcase classname="com.cl.it.queue.impl.CustomQueueTest" name="com.cl.it.queue.impl.CustomQueueTest.testDequeue" time="0.001">
    <failure message="Unresolved compilation problems: 
	Test cannot be resolved to a type
	The method assertEquals(int, int) is undefined for the type CustomQueueTest&lt;T&gt;
	The method assertEquals(int, int) is undefined for the type CustomQueueTest&lt;T&gt;
	The method assertEquals(int, int) is undefined for the type CustomQueueTest&lt;T&gt;
	The method assertEquals(int, int) is undefined for the type CustomQueueTest&lt;T&gt;
" type="java.lang.Error">java.lang.Error: Unresolved compilation problems: 
	Test cannot be resolved to a type
	The method assertEquals(int, int) is undefined for the type CustomQueueTest&lt;T&gt;
	The method assertEquals(int, int) is undefined for the type CustomQueueTest&lt;T&gt;
	The method assertEquals(int, int) is undefined for the type CustomQueueTest&lt;T&gt;
	The method assertEquals(int, int) is undefined for the type CustomQueueTest&lt;T&gt;
	at com.cl.it.queue.impl.CustomQueueTest.testDequeue(CustomQueueTest.java:47)
</failure>
  </testcase>
</testsuite>