<?xml version="1.0" encoding="UTF-8" ?>
<testsuite tests="3" failures="3" name="com.cl.it.queue.impl.CustomQueueTest" time="0.003" errors="0" skipped="0">
  <properties>
[...]
</properties>
  <testcase classname="com.cl.it.queue.impl.CustomQueueTest" name="com.cl.it.queue.impl.CustomQueueTest.testCustomPriorityQueue" time="0.002">
    <failure message="Unresolved compilation problems: 
	Test cannot be resolved to a type
	The method assertNotNull(PriorityQueue&lt;QueueItem&lt;Integer&gt;&gt;) is undefined for the type CustomQueueTest&lt;T&gt;
	The method assertNotNull(Semaphore) is undefined for the type CustomQueueTest&lt;T&gt;
	The method assertNotNull(ConcurrentHashMap&lt;Integer,Semaphore&gt;) is undefined for the type CustomQueueTest&lt;T&gt;
	The method assertEquals(int, int) is undefined for the type CustomQueueTest&lt;T&gt;
" type="java.lang.Error">java.lang.Error: Unresolved compilation problems: 
	Test cannot be resolved to a type
	The method assertNotNull(PriorityQueue&lt;QueueItem&lt;Integer&gt;&gt;) is undefined for the type CustomQueueTest&lt;T&gt;
	The method assertNotNull(Semaphore) is undefined for the type CustomQueueTest&lt;T&gt;
	The method assertNotNull(ConcurrentHashMap&lt;Integer,Semaphore&gt;) is undefined for the type CustomQueueTest&lt;T&gt;
	The method assertEquals(int, int) is undefined for the type CustomQueueTest&lt;T&gt;
	at com.cl.it.queue.impl.CustomQueueTest.testCustomPriorityQueue(CustomQueueTest.java:22)
</failure>
  </testcase>
  <testcase classname="com.cl.it.queue.impl.CustomQueueTest" name="com.cl.it.queue.impl.CustomQueueTest.testEnqueue" time="0">
    <failure message="Unresolved compilation problems: 
	Test cannot be resolved to a type
	The method assertEquals(int, int) is undefined for the type CustomQueueTest&lt;T&gt;
	The method assertEquals(int, int) is undefined for the type CustomQueueTest&lt;T&gt;
	The method assertEquals(int, int) is undefined for the type CustomQueueTest&lt;T&gt;
" type="java.lang.Error">java.lang.Error: Unresolved compilation problems: 
	Test cannot be resolved to a type
	The method assertEquals(int, int) is undefined for the type CustomQueueTest&lt;T&gt;
	The method assertEquals(int, int) is undefined for the type CustomQueueTest&lt;T&gt;
	The method assertEquals(int, int) is undefined for the type CustomQueueTest&lt;T&gt;
	at com.cl.it.queue.impl.CustomQueueTest.testEnqueue(CustomQueueTest.java:37)
</failure>
  </testcase>
  <testcase classname="com.cl.it.queue.impl.CustomQueueTest" name="com.cl.it.queue.impl.CustomQueueTest.testDequeue" time="0.001">
    <failure message="Unresolved compilation problems: 
	Test cannot be resolved to a type
	The method assertEquals(int, int) is undefined for the type CustomQueueTest&lt;T&gt;
	The method assertEquals(int, int) is undefined for the type CustomQueueTest&lt;T&gt;
	The method assertEquals(int, int) is undefined for the type CustomQueueTest&lt;T&gt;
	The method assertEquals(int, int) is undefined for the type CustomQueueTest&lt;T&gt;
" type="java.lang.Error">java.lang.Error: Unresolved compilation problems: 
	Test cannot be resolved to a type
	The method assertEquals(int, int) is undefined for the type CustomQueueTest&lt;T&gt;
	The method assertEquals(int, int) is undefined for the type CustomQueueTest&lt;T&gt;
	The method assertEquals(int, int) is undefined for the type CustomQueueTest&lt;T&gt;
	The method assertEquals(int, int) is undefined for the type CustomQueueTest&lt;T&gt;
	at com.cl.it.queue.impl.CustomQueueTest.testDequeue(CustomQueueTest.java:47)
</failure>
  </testcase>
</testsuite>